<?xml version="1.0" encoding="UTF-8"?>
<!-- Generated by org.testng.reporters.JUnitReportReporter -->
<testsuite hostname="nis1631-mbpr.local" name="com.albee.testpage.Test_login" tests="1" failures="0" timestamp="23 Mar 2016 19:17:36 GMT" time="265.337" errors="0">
  <testcase name="Login" time="265.337" classname="com.albee.testpage.Test_login"/>
</testsuite> <!-- com.albee.testpage.Test_login -->
