<?xml version="1.0" encoding="UTF-8"?>
<!-- Generated by org.testng.reporters.JUnitReportReporter -->
<testsuite hostname="nis1631-mbpr.local" name="com.albee.testpage.Test_login" tests="1" failures="0" timestamp="25 Apr 2016 23:02:08 GMT" time="59.597" errors="0">
  <testcase name="Login" time="59.597" classname="com.albee.testpage.Test_login"/>
</testsuite> <!-- com.albee.testpage.Test_login -->
