<?xml version="1.0" encoding="UTF-8"?>
<!-- Generated by org.testng.reporters.JUnitReportReporter -->
<testsuite hostname="nis1631-mbpr.local" name="com.albee.testpage.Test_login" tests="1" failures="0" timestamp="26 Apr 2016 17:41:33 GMT" time="37.613" errors="0">
  <testcase name="Login" time="37.613" classname="com.albee.testpage.Test_login"/>
</testsuite> <!-- com.albee.testpage.Test_login -->
